<?xml version="1.0" encoding="UTF-8"?>
<!-- Generated by org.testng.reporters.JUnitReportReporter -->
<testsuite hostname="DESKTOP-5IPPVIC" failures="0" tests="1" name="myTestCases" time="0.442" errors="0" timestamp="2023-04-18T09:54:42 PDT" skipped="0">
  <testcase classname="myTestCases" name="AddAllItemsToTheCart" time="0.442"/>
  <system-out/>
</testsuite> <!-- myTestCases -->
